[2022-03-11 01:29:52] demo.ERROR: SQLSTATE[HY000] [2002] Can't connect to local MySQL server through socket '/var/lib/mysql/mysql.sock' (2) (SQL: select * from `system` where `key` = woocommerce_version limit 1) {"exception":"[object] (Illuminate\\Database\\QueryException(code: 2002): SQLSTATE[HY000] [2002] Can't connect to local MySQL server through socket '/var/lib/mysql/mysql.sock' (2) (SQL: select * from `system` where `key` = woocommerce_version limit 1) at /home/o5qbolf0zoyk/pos.1pixelcoding.com/vendor/laravel/framework/src/Illuminate/Database/Connection.php:664, PDOException(code: 2002): SQLSTATE[HY000] [2002] Can't connect to local MySQL server through socket '/var/lib/mysql/mysql.sock' (2) at /home/o5qbolf0zoyk/pos.1pixelcoding.com/vendor/laravel/framework/src/Illuminate/Database/Connectors/Connector.php:70)
[stacktrace]
#0 /home/o5qbolf0zoyk/pos.1pixelcoding.com/vendor/laravel/framework/src/Illuminate/Database/Connection.php(624): Illuminate\\Database\\Connection->runQueryCallback('select * from `...', Array, Object(Closure))
#1 /home/o5qbolf0zoyk/pos.1pixelcoding.com/vendor/laravel/framework/src/Illuminate/Database/Connection.php(333): Illuminate\\Database\\Connection->run('select * from `...', Array, Object(Closure))
#2 /home/o5qbolf0zoyk/pos.1pixelcoding.com/vendor/laravel/framework/src/Illuminate/Database/Query/Builder.php(2130): Illuminate\\Database\\Connection->select('select * from `...', Array, true)
#3 /home/o5qbolf0zoyk/pos.1pixelcoding.com/vendor/laravel/framework/src/Illuminate/Database/Query/Builder.php(2118): Illuminate\\Database\\Query\\Builder->runSelect()
#4 /home/o5qbolf0zoyk/pos.1pixelcoding.com/vendor/laravel/framework/src/Illuminate/Database/Query/Builder.php(2604): Illuminate\\Database\\Query\\Builder->Illuminate\\Database\\Query\\{closure}()
#5 /home/o5qbolf0zoyk/pos.1pixelcoding.com/vendor/laravel/framework/src/Illuminate/Database/Query/Builder.php(2119): Illuminate\\Database\\Query\\Builder->onceWithColumns(Array, Object(Closure))
#6 /home/o5qbolf0zoyk/pos.1pixelcoding.com/vendor/laravel/framework/src/Illuminate/Database/Eloquent/Builder.php(521): Illuminate\\Database\\Query\\Builder->get(Array)
#7 /home/o5qbolf0zoyk/pos.1pixelcoding.com/vendor/laravel/framework/src/Illuminate/Database/Eloquent/Builder.php(505): Illuminate\\Database\\Eloquent\\Builder->getModels(Array)
#8 /home/o5qbolf0zoyk/pos.1pixelcoding.com/vendor/laravel/framework/src/Illuminate/Database/Concerns/BuildsQueries.php(77): Illuminate\\Database\\Eloquent\\Builder->get(Array)
#9 /home/o5qbolf0zoyk/pos.1pixelcoding.com/app/System.php(39): Illuminate\\Database\\Eloquent\\Builder->first()
#10 /home/o5qbolf0zoyk/pos.1pixelcoding.com/app/Utils/ModuleUtil.php(28): App\\System::getProperty('woocommerce_ver...')
#11 /home/o5qbolf0zoyk/pos.1pixelcoding.com/Modules/Woocommerce/Providers/WoocommerceServiceProvider.php(153): App\\Utils\\ModuleUtil->isModuleInstalled('Woocommerce')
#12 /home/o5qbolf0zoyk/pos.1pixelcoding.com/Modules/Woocommerce/Providers/WoocommerceServiceProvider.php(50): Modules\\Woocommerce\\Providers\\WoocommerceServiceProvider->registerScheduleCommands()
#13 [internal function]: Modules\\Woocommerce\\Providers\\WoocommerceServiceProvider->boot()
#14 /home/o5qbolf0zoyk/pos.1pixelcoding.com/vendor/laravel/framework/src/Illuminate/Container/BoundMethod.php(32): call_user_func_array(Array, Array)
#15 /home/o5qbolf0zoyk/pos.1pixelcoding.com/vendor/laravel/framework/src/Illuminate/Container/BoundMethod.php(90): Illuminate\\Container\\BoundMethod::Illuminate\\Container\\{closure}()
#16 /home/o5qbolf0zoyk/pos.1pixelcoding.com/vendor/laravel/framework/src/Illuminate/Container/BoundMethod.php(34): Illuminate\\Container\\BoundMethod::callBoundMethod(Object(Illuminate\\Foundation\\Application), Array, Object(Closure))
#17 /home/o5qbolf0zoyk/pos.1pixelcoding.com/vendor/laravel/framework/src/Illuminate/Container/Container.php(576): Illuminate\\Container\\BoundMethod::call(Object(Illuminate\\Foundation\\Application), Array, Array, NULL)
#18 /home/o5qbolf0zoyk/pos.1pixelcoding.com/vendor/laravel/framework/src/Illuminate/Foundation/Application.php(827): Illuminate\\Container\\Container->call(Array)
#19 /home/o5qbolf0zoyk/pos.1pixelcoding.com/vendor/laravel/framework/src/Illuminate/Foundation/Application.php(810): Illuminate\\Foundation\\Application->bootProvider(Object(Modules\\Woocommerce\\Providers\\WoocommerceServiceProvider))
#20 [internal function]: Illuminate\\Foundation\\Application->Illuminate\\Foundation\\{closure}(Object(Modules\\Woocommerce\\Providers\\WoocommerceServiceProvider), 49)
#21 /home/o5qbolf0zoyk/pos.1pixelcoding.com/vendor/laravel/framework/src/Illuminate/Foundation/Application.php(811): array_walk(Array, Object(Closure))
#22 /home/o5qbolf0zoyk/pos.1pixelcoding.com/vendor/laravel/framework/src/Illuminate/Foundation/Bootstrap/BootProviders.php(17): Illuminate\\Foundation\\Application->boot()
#23 /home/o5qbolf0zoyk/pos.1pixelcoding.com/vendor/laravel/framework/src/Illuminate/Foundation/Application.php(210): Illuminate\\Foundation\\Bootstrap\\BootProviders->bootstrap(Object(Illuminate\\Foundation\\Application))
#24 /home/o5qbolf0zoyk/pos.1pixelcoding.com/vendor/laravel/framework/src/Illuminate/Foundation/Http/Kernel.php(162): Illuminate\\Foundation\\Application->bootstrapWith(Array)
#25 /home/o5qbolf0zoyk/pos.1pixelcoding.com/vendor/laravel/framework/src/Illuminate/Foundation/Http/Kernel.php(146): Illuminate\\Foundation\\Http\\Kernel->bootstrap()
#26 /home/o5qbolf0zoyk/pos.1pixelcoding.com/vendor/laravel/framework/src/Illuminate/Foundation/Http/Kernel.php(116): Illuminate\\Foundation\\Http\\Kernel->sendRequestThroughRouter(Object(Illuminate\\Http\\Request))
#27 /home/o5qbolf0zoyk/pos.1pixelcoding.com/public/index.php(53): Illuminate\\Foundation\\Http\\Kernel->handle(Object(Illuminate\\Http\\Request))
#28 {main}
"} 
[2022-03-11 02:25:04] demo.ERROR: SQLSTATE[HY000] [2002] Can't connect to local MySQL server through socket '/var/lib/mysql/mysql.sock' (2) (SQL: select * from `system` where `key` = woocommerce_version limit 1) {"exception":"[object] (Illuminate\\Database\\QueryException(code: 2002): SQLSTATE[HY000] [2002] Can't connect to local MySQL server through socket '/var/lib/mysql/mysql.sock' (2) (SQL: select * from `system` where `key` = woocommerce_version limit 1) at /home/o5qbolf0zoyk/pos.1pixelcoding.com/vendor/laravel/framework/src/Illuminate/Database/Connection.php:664, PDOException(code: 2002): SQLSTATE[HY000] [2002] Can't connect to local MySQL server through socket '/var/lib/mysql/mysql.sock' (2) at /home/o5qbolf0zoyk/pos.1pixelcoding.com/vendor/laravel/framework/src/Illuminate/Database/Connectors/Connector.php:70)
[stacktrace]
#0 /home/o5qbolf0zoyk/pos.1pixelcoding.com/vendor/laravel/framework/src/Illuminate/Database/Connection.php(624): Illuminate\\Database\\Connection->runQueryCallback('select * from `...', Array, Object(Closure))
#1 /home/o5qbolf0zoyk/pos.1pixelcoding.com/vendor/laravel/framework/src/Illuminate/Database/Connection.php(333): Illuminate\\Database\\Connection->run('select * from `...', Array, Object(Closure))
#2 /home/o5qbolf0zoyk/pos.1pixelcoding.com/vendor/laravel/framework/src/Illuminate/Database/Query/Builder.php(2130): Illuminate\\Database\\Connection->select('select * from `...', Array, true)
#3 /home/o5qbolf0zoyk/pos.1pixelcoding.com/vendor/laravel/framework/src/Illuminate/Database/Query/Builder.php(2118): Illuminate\\Database\\Query\\Builder->runSelect()
#4 /home/o5qbolf0zoyk/pos.1pixelcoding.com/vendor/laravel/framework/src/Illuminate/Database/Query/Builder.php(2604): Illuminate\\Database\\Query\\Builder->Illuminate\\Database\\Query\\{closure}()
#5 /home/o5qbolf0zoyk/pos.1pixelcoding.com/vendor/laravel/framework/src/Illuminate/Database/Query/Builder.php(2119): Illuminate\\Database\\Query\\Builder->onceWithColumns(Array, Object(Closure))
#6 /home/o5qbolf0zoyk/pos.1pixelcoding.com/vendor/laravel/framework/src/Illuminate/Database/Eloquent/Builder.php(521): Illuminate\\Database\\Query\\Builder->get(Array)
#7 /home/o5qbolf0zoyk/pos.1pixelcoding.com/vendor/laravel/framework/src/Illuminate/Database/Eloquent/Builder.php(505): Illuminate\\Database\\Eloquent\\Builder->getModels(Array)
#8 /home/o5qbolf0zoyk/pos.1pixelcoding.com/vendor/laravel/framework/src/Illuminate/Database/Concerns/BuildsQueries.php(77): Illuminate\\Database\\Eloquent\\Builder->get(Array)
#9 /home/o5qbolf0zoyk/pos.1pixelcoding.com/app/System.php(39): Illuminate\\Database\\Eloquent\\Builder->first()
#10 /home/o5qbolf0zoyk/pos.1pixelcoding.com/app/Utils/ModuleUtil.php(28): App\\System::getProperty('woocommerce_ver...')
#11 /home/o5qbolf0zoyk/pos.1pixelcoding.com/Modules/Woocommerce/Providers/WoocommerceServiceProvider.php(153): App\\Utils\\ModuleUtil->isModuleInstalled('Woocommerce')
#12 /home/o5qbolf0zoyk/pos.1pixelcoding.com/Modules/Woocommerce/Providers/WoocommerceServiceProvider.php(50): Modules\\Woocommerce\\Providers\\WoocommerceServiceProvider->registerScheduleCommands()
#13 [internal function]: Modules\\Woocommerce\\Providers\\WoocommerceServiceProvider->boot()
#14 /home/o5qbolf0zoyk/pos.1pixelcoding.com/vendor/laravel/framework/src/Illuminate/Container/BoundMethod.php(32): call_user_func_array(Array, Array)
#15 /home/o5qbolf0zoyk/pos.1pixelcoding.com/vendor/laravel/framework/src/Illuminate/Container/BoundMethod.php(90): Illuminate\\Container\\BoundMethod::Illuminate\\Container\\{closure}()
#16 /home/o5qbolf0zoyk/pos.1pixelcoding.com/vendor/laravel/framework/src/Illuminate/Container/BoundMethod.php(34): Illuminate\\Container\\BoundMethod::callBoundMethod(Object(Illuminate\\Foundation\\Application), Array, Object(Closure))
#17 /home/o5qbolf0zoyk/pos.1pixelcoding.com/vendor/laravel/framework/src/Illuminate/Container/Container.php(576): Illuminate\\Container\\BoundMethod::call(Object(Illuminate\\Foundation\\Application), Array, Array, NULL)
#18 /home/o5qbolf0zoyk/pos.1pixelcoding.com/vendor/laravel/framework/src/Illuminate/Foundation/Application.php(827): Illuminate\\Container\\Container->call(Array)
#19 /home/o5qbolf0zoyk/pos.1pixelcoding.com/vendor/laravel/framework/src/Illuminate/Foundation/Application.php(810): Illuminate\\Foundation\\Application->bootProvider(Object(Modules\\Woocommerce\\Providers\\WoocommerceServiceProvider))
#20 [internal function]: Illuminate\\Foundation\\Application->Illuminate\\Foundation\\{closure}(Object(Modules\\Woocommerce\\Providers\\WoocommerceServiceProvider), 49)
#21 /home/o5qbolf0zoyk/pos.1pixelcoding.com/vendor/laravel/framework/src/Illuminate/Foundation/Application.php(811): array_walk(Array, Object(Closure))
#22 /home/o5qbolf0zoyk/pos.1pixelcoding.com/vendor/laravel/framework/src/Illuminate/Foundation/Bootstrap/BootProviders.php(17): Illuminate\\Foundation\\Application->boot()
#23 /home/o5qbolf0zoyk/pos.1pixelcoding.com/vendor/laravel/framework/src/Illuminate/Foundation/Application.php(210): Illuminate\\Foundation\\Bootstrap\\BootProviders->bootstrap(Object(Illuminate\\Foundation\\Application))
#24 /home/o5qbolf0zoyk/pos.1pixelcoding.com/vendor/laravel/framework/src/Illuminate/Foundation/Http/Kernel.php(162): Illuminate\\Foundation\\Application->bootstrapWith(Array)
#25 /home/o5qbolf0zoyk/pos.1pixelcoding.com/vendor/laravel/framework/src/Illuminate/Foundation/Http/Kernel.php(146): Illuminate\\Foundation\\Http\\Kernel->bootstrap()
#26 /home/o5qbolf0zoyk/pos.1pixelcoding.com/vendor/laravel/framework/src/Illuminate/Foundation/Http/Kernel.php(116): Illuminate\\Foundation\\Http\\Kernel->sendRequestThroughRouter(Object(Illuminate\\Http\\Request))
#27 /home/o5qbolf0zoyk/pos.1pixelcoding.com/public/index.php(53): Illuminate\\Foundation\\Http\\Kernel->handle(Object(Illuminate\\Http\\Request))
#28 {main}
"} 
[2022-03-11 02:25:04] demo.ERROR: SQLSTATE[HY000] [2002] Can't connect to local MySQL server through socket '/var/lib/mysql/mysql.sock' (2) (SQL: select * from `system` where `key` = woocommerce_version limit 1) {"exception":"[object] (Illuminate\\Database\\QueryException(code: 2002): SQLSTATE[HY000] [2002] Can't connect to local MySQL server through socket '/var/lib/mysql/mysql.sock' (2) (SQL: select * from `system` where `key` = woocommerce_version limit 1) at /home/o5qbolf0zoyk/pos.1pixelcoding.com/vendor/laravel/framework/src/Illuminate/Database/Connection.php:664, PDOException(code: 2002): SQLSTATE[HY000] [2002] Can't connect to local MySQL server through socket '/var/lib/mysql/mysql.sock' (2) at /home/o5qbolf0zoyk/pos.1pixelcoding.com/vendor/laravel/framework/src/Illuminate/Database/Connectors/Connector.php:70)
[stacktrace]
#0 /home/o5qbolf0zoyk/pos.1pixelcoding.com/vendor/laravel/framework/src/Illuminate/Database/Connection.php(624): Illuminate\\Database\\Connection->runQueryCallback('select * from `...', Array, Object(Closure))
#1 /home/o5qbolf0zoyk/pos.1pixelcoding.com/vendor/laravel/framework/src/Illuminate/Database/Connection.php(333): Illuminate\\Database\\Connection->run('select * from `...', Array, Object(Closure))
#2 /home/o5qbolf0zoyk/pos.1pixelcoding.com/vendor/laravel/framework/src/Illuminate/Database/Query/Builder.php(2130): Illuminate\\Database\\Connection->select('select * from `...', Array, true)
#3 /home/o5qbolf0zoyk/pos.1pixelcoding.com/vendor/laravel/framework/src/Illuminate/Database/Query/Builder.php(2118): Illuminate\\Database\\Query\\Builder->runSelect()
#4 /home/o5qbolf0zoyk/pos.1pixelcoding.com/vendor/laravel/framework/src/Illuminate/Database/Query/Builder.php(2604): Illuminate\\Database\\Query\\Builder->Illuminate\\Database\\Query\\{closure}()
#5 /home/o5qbolf0zoyk/pos.1pixelcoding.com/vendor/laravel/framework/src/Illuminate/Database/Query/Builder.php(2119): Illuminate\\Database\\Query\\Builder->onceWithColumns(Array, Object(Closure))
#6 /home/o5qbolf0zoyk/pos.1pixelcoding.com/vendor/laravel/framework/src/Illuminate/Database/Eloquent/Builder.php(521): Illuminate\\Database\\Query\\Builder->get(Array)
#7 /home/o5qbolf0zoyk/pos.1pixelcoding.com/vendor/laravel/framework/src/Illuminate/Database/Eloquent/Builder.php(505): Illuminate\\Database\\Eloquent\\Builder->getModels(Array)
#8 /home/o5qbolf0zoyk/pos.1pixelcoding.com/vendor/laravel/framework/src/Illuminate/Database/Concerns/BuildsQueries.php(77): Illuminate\\Database\\Eloquent\\Builder->get(Array)
#9 /home/o5qbolf0zoyk/pos.1pixelcoding.com/app/System.php(39): Illuminate\\Database\\Eloquent\\Builder->first()
#10 /home/o5qbolf0zoyk/pos.1pixelcoding.com/app/Utils/ModuleUtil.php(28): App\\System::getProperty('woocommerce_ver...')
#11 /home/o5qbolf0zoyk/pos.1pixelcoding.com/Modules/Woocommerce/Providers/WoocommerceServiceProvider.php(153): App\\Utils\\ModuleUtil->isModuleInstalled('Woocommerce')
#12 /home/o5qbolf0zoyk/pos.1pixelcoding.com/Modules/Woocommerce/Providers/WoocommerceServiceProvider.php(50): Modules\\Woocommerce\\Providers\\WoocommerceServiceProvider->registerScheduleCommands()
#13 [internal function]: Modules\\Woocommerce\\Providers\\WoocommerceServiceProvider->boot()
#14 /home/o5qbolf0zoyk/pos.1pixelcoding.com/vendor/laravel/framework/src/Illuminate/Container/BoundMethod.php(32): call_user_func_array(Array, Array)
#15 /home/o5qbolf0zoyk/pos.1pixelcoding.com/vendor/laravel/framework/src/Illuminate/Container/BoundMethod.php(90): Illuminate\\Container\\BoundMethod::Illuminate\\Container\\{closure}()
#16 /home/o5qbolf0zoyk/pos.1pixelcoding.com/vendor/laravel/framework/src/Illuminate/Container/BoundMethod.php(34): Illuminate\\Container\\BoundMethod::callBoundMethod(Object(Illuminate\\Foundation\\Application), Array, Object(Closure))
#17 /home/o5qbolf0zoyk/pos.1pixelcoding.com/vendor/laravel/framework/src/Illuminate/Container/Container.php(576): Illuminate\\Container\\BoundMethod::call(Object(Illuminate\\Foundation\\Application), Array, Array, NULL)
#18 /home/o5qbolf0zoyk/pos.1pixelcoding.com/vendor/laravel/framework/src/Illuminate/Foundation/Application.php(827): Illuminate\\Container\\Container->call(Array)
#19 /home/o5qbolf0zoyk/pos.1pixelcoding.com/vendor/laravel/framework/src/Illuminate/Foundation/Application.php(810): Illuminate\\Foundation\\Application->bootProvider(Object(Modules\\Woocommerce\\Providers\\WoocommerceServiceProvider))
#20 [internal function]: Illuminate\\Foundation\\Application->Illuminate\\Foundation\\{closure}(Object(Modules\\Woocommerce\\Providers\\WoocommerceServiceProvider), 49)
#21 /home/o5qbolf0zoyk/pos.1pixelcoding.com/vendor/laravel/framework/src/Illuminate/Foundation/Application.php(811): array_walk(Array, Object(Closure))
#22 /home/o5qbolf0zoyk/pos.1pixelcoding.com/vendor/laravel/framework/src/Illuminate/Foundation/Bootstrap/BootProviders.php(17): Illuminate\\Foundation\\Application->boot()
#23 /home/o5qbolf0zoyk/pos.1pixelcoding.com/vendor/laravel/framework/src/Illuminate/Foundation/Application.php(210): Illuminate\\Foundation\\Bootstrap\\BootProviders->bootstrap(Object(Illuminate\\Foundation\\Application))
#24 /home/o5qbolf0zoyk/pos.1pixelcoding.com/vendor/laravel/framework/src/Illuminate/Foundation/Http/Kernel.php(162): Illuminate\\Foundation\\Application->bootstrapWith(Array)
#25 /home/o5qbolf0zoyk/pos.1pixelcoding.com/vendor/laravel/framework/src/Illuminate/Foundation/Http/Kernel.php(146): Illuminate\\Foundation\\Http\\Kernel->bootstrap()
#26 /home/o5qbolf0zoyk/pos.1pixelcoding.com/vendor/laravel/framework/src/Illuminate/Foundation/Http/Kernel.php(116): Illuminate\\Foundation\\Http\\Kernel->sendRequestThroughRouter(Object(Illuminate\\Http\\Request))
#27 /home/o5qbolf0zoyk/pos.1pixelcoding.com/public/index.php(53): Illuminate\\Foundation\\Http\\Kernel->handle(Object(Illuminate\\Http\\Request))
#28 {main}
"} 
[2022-03-11 02:25:05] demo.ERROR: SQLSTATE[HY000] [2002] Can't connect to local MySQL server through socket '/var/lib/mysql/mysql.sock' (2) (SQL: select * from `system` where `key` = woocommerce_version limit 1) {"exception":"[object] (Illuminate\\Database\\QueryException(code: 2002): SQLSTATE[HY000] [2002] Can't connect to local MySQL server through socket '/var/lib/mysql/mysql.sock' (2) (SQL: select * from `system` where `key` = woocommerce_version limit 1) at /home/o5qbolf0zoyk/pos.1pixelcoding.com/vendor/laravel/framework/src/Illuminate/Database/Connection.php:664, PDOException(code: 2002): SQLSTATE[HY000] [2002] Can't connect to local MySQL server through socket '/var/lib/mysql/mysql.sock' (2) at /home/o5qbolf0zoyk/pos.1pixelcoding.com/vendor/laravel/framework/src/Illuminate/Database/Connectors/Connector.php:70)
[stacktrace]
#0 /home/o5qbolf0zoyk/pos.1pixelcoding.com/vendor/laravel/framework/src/Illuminate/Database/Connection.php(624): Illuminate\\Database\\Connection->runQueryCallback('select * from `...', Array, Object(Closure))
#1 /home/o5qbolf0zoyk/pos.1pixelcoding.com/vendor/laravel/framework/src/Illuminate/Database/Connection.php(333): Illuminate\\Database\\Connection->run('select * from `...', Array, Object(Closure))
#2 /home/o5qbolf0zoyk/pos.1pixelcoding.com/vendor/laravel/framework/src/Illuminate/Database/Query/Builder.php(2130): Illuminate\\Database\\Connection->select('select * from `...', Array, true)
#3 /home/o5qbolf0zoyk/pos.1pixelcoding.com/vendor/laravel/framework/src/Illuminate/Database/Query/Builder.php(2118): Illuminate\\Database\\Query\\Builder->runSelect()
#4 /home/o5qbolf0zoyk/pos.1pixelcoding.com/vendor/laravel/framework/src/Illuminate/Database/Query/Builder.php(2604): Illuminate\\Database\\Query\\Builder->Illuminate\\Database\\Query\\{closure}()
#5 /home/o5qbolf0zoyk/pos.1pixelcoding.com/vendor/laravel/framework/src/Illuminate/Database/Query/Builder.php(2119): Illuminate\\Database\\Query\\Builder->onceWithColumns(Array, Object(Closure))
#6 /home/o5qbolf0zoyk/pos.1pixelcoding.com/vendor/laravel/framework/src/Illuminate/Database/Eloquent/Builder.php(521): Illuminate\\Database\\Query\\Builder->get(Array)
#7 /home/o5qbolf0zoyk/pos.1pixelcoding.com/vendor/laravel/framework/src/Illuminate/Database/Eloquent/Builder.php(505): Illuminate\\Database\\Eloquent\\Builder->getModels(Array)
#8 /home/o5qbolf0zoyk/pos.1pixelcoding.com/vendor/laravel/framework/src/Illuminate/Database/Concerns/BuildsQueries.php(77): Illuminate\\Database\\Eloquent\\Builder->get(Array)
#9 /home/o5qbolf0zoyk/pos.1pixelcoding.com/app/System.php(39): Illuminate\\Database\\Eloquent\\Builder->first()
#10 /home/o5qbolf0zoyk/pos.1pixelcoding.com/app/Utils/ModuleUtil.php(28): App\\System::getProperty('woocommerce_ver...')
#11 /home/o5qbolf0zoyk/pos.1pixelcoding.com/Modules/Woocommerce/Providers/WoocommerceServiceProvider.php(153): App\\Utils\\ModuleUtil->isModuleInstalled('Woocommerce')
#12 /home/o5qbolf0zoyk/pos.1pixelcoding.com/Modules/Woocommerce/Providers/WoocommerceServiceProvider.php(50): Modules\\Woocommerce\\Providers\\WoocommerceServiceProvider->registerScheduleCommands()
#13 [internal function]: Modules\\Woocommerce\\Providers\\WoocommerceServiceProvider->boot()
#14 /home/o5qbolf0zoyk/pos.1pixelcoding.com/vendor/laravel/framework/src/Illuminate/Container/BoundMethod.php(32): call_user_func_array(Array, Array)
#15 /home/o5qbolf0zoyk/pos.1pixelcoding.com/vendor/laravel/framework/src/Illuminate/Container/BoundMethod.php(90): Illuminate\\Container\\BoundMethod::Illuminate\\Container\\{closure}()
#16 /home/o5qbolf0zoyk/pos.1pixelcoding.com/vendor/laravel/framework/src/Illuminate/Container/BoundMethod.php(34): Illuminate\\Container\\BoundMethod::callBoundMethod(Object(Illuminate\\Foundation\\Application), Array, Object(Closure))
#17 /home/o5qbolf0zoyk/pos.1pixelcoding.com/vendor/laravel/framework/src/Illuminate/Container/Container.php(576): Illuminate\\Container\\BoundMethod::call(Object(Illuminate\\Foundation\\Application), Array, Array, NULL)
#18 /home/o5qbolf0zoyk/pos.1pixelcoding.com/vendor/laravel/framework/src/Illuminate/Foundation/Application.php(827): Illuminate\\Container\\Container->call(Array)
#19 /home/o5qbolf0zoyk/pos.1pixelcoding.com/vendor/laravel/framework/src/Illuminate/Foundation/Application.php(810): Illuminate\\Foundation\\Application->bootProvider(Object(Modules\\Woocommerce\\Providers\\WoocommerceServiceProvider))
#20 [internal function]: Illuminate\\Foundation\\Application->Illuminate\\Foundation\\{closure}(Object(Modules\\Woocommerce\\Providers\\WoocommerceServiceProvider), 49)
#21 /home/o5qbolf0zoyk/pos.1pixelcoding.com/vendor/laravel/framework/src/Illuminate/Foundation/Application.php(811): array_walk(Array, Object(Closure))
#22 /home/o5qbolf0zoyk/pos.1pixelcoding.com/vendor/laravel/framework/src/Illuminate/Foundation/Bootstrap/BootProviders.php(17): Illuminate\\Foundation\\Application->boot()
#23 /home/o5qbolf0zoyk/pos.1pixelcoding.com/vendor/laravel/framework/src/Illuminate/Foundation/Application.php(210): Illuminate\\Foundation\\Bootstrap\\BootProviders->bootstrap(Object(Illuminate\\Foundation\\Application))
#24 /home/o5qbolf0zoyk/pos.1pixelcoding.com/vendor/laravel/framework/src/Illuminate/Foundation/Http/Kernel.php(162): Illuminate\\Foundation\\Application->bootstrapWith(Array)
#25 /home/o5qbolf0zoyk/pos.1pixelcoding.com/vendor/laravel/framework/src/Illuminate/Foundation/Http/Kernel.php(146): Illuminate\\Foundation\\Http\\Kernel->bootstrap()
#26 /home/o5qbolf0zoyk/pos.1pixelcoding.com/vendor/laravel/framework/src/Illuminate/Foundation/Http/Kernel.php(116): Illuminate\\Foundation\\Http\\Kernel->sendRequestThroughRouter(Object(Illuminate\\Http\\Request))
#27 /home/o5qbolf0zoyk/pos.1pixelcoding.com/public/index.php(53): Illuminate\\Foundation\\Http\\Kernel->handle(Object(Illuminate\\Http\\Request))
#28 {main}
"} 
[2022-03-11 20:31:35] demo.EMERGENCY: File:/home/o5qbolf0zoyk/pos.1pixelcoding.com/vendor/laravel/framework/src/Illuminate/Database/Eloquent/Builder.phpLine:454Message:No query results for model [App\Variation].  
[2022-03-11 20:31:39] demo.EMERGENCY: File:/home/o5qbolf0zoyk/pos.1pixelcoding.com/vendor/laravel/framework/src/Illuminate/Database/Eloquent/Builder.phpLine:454Message:No query results for model [App\Variation].  
[2022-03-11 20:31:41] demo.EMERGENCY: File:/home/o5qbolf0zoyk/pos.1pixelcoding.com/vendor/laravel/framework/src/Illuminate/Database/Eloquent/Builder.phpLine:454Message:No query results for model [App\Variation].  
[2022-03-11 20:31:50] demo.EMERGENCY: File:/home/o5qbolf0zoyk/pos.1pixelcoding.com/vendor/laravel/framework/src/Illuminate/Database/Eloquent/Builder.phpLine:454Message:No query results for model [App\Variation].  
[2022-03-11 21:29:11] demo.EMERGENCY: File:/home/o5qbolf0zoyk/pos.1pixelcoding.com/vendor/laravel/framework/src/Illuminate/Database/Eloquent/Builder.phpLine:454Message:No query results for model [App\Variation].  
[2022-03-11 21:29:15] demo.EMERGENCY: File:/home/o5qbolf0zoyk/pos.1pixelcoding.com/vendor/laravel/framework/src/Illuminate/Database/Eloquent/Builder.phpLine:454Message:No query results for model [App\Variation].  
[2022-03-11 21:29:18] demo.EMERGENCY: File:/home/o5qbolf0zoyk/pos.1pixelcoding.com/vendor/laravel/framework/src/Illuminate/Database/Eloquent/Builder.phpLine:454Message:No query results for model [App\Variation].  
[2022-03-11 21:29:18] demo.EMERGENCY: File:/home/o5qbolf0zoyk/pos.1pixelcoding.com/vendor/laravel/framework/src/Illuminate/Database/Eloquent/Builder.phpLine:454Message:No query results for model [App\Variation].  
[2022-03-11 21:29:18] demo.EMERGENCY: File:/home/o5qbolf0zoyk/pos.1pixelcoding.com/vendor/laravel/framework/src/Illuminate/Database/Eloquent/Builder.phpLine:454Message:No query results for model [App\Variation].  
[2022-03-11 21:29:18] demo.EMERGENCY: File:/home/o5qbolf0zoyk/pos.1pixelcoding.com/vendor/laravel/framework/src/Illuminate/Database/Eloquent/Builder.phpLine:454Message:No query results for model [App\Variation].  
[2022-03-11 21:29:19] demo.EMERGENCY: File:/home/o5qbolf0zoyk/pos.1pixelcoding.com/vendor/laravel/framework/src/Illuminate/Database/Eloquent/Builder.phpLine:454Message:No query results for model [App\Variation].  
[2022-03-11 21:29:19] demo.EMERGENCY: File:/home/o5qbolf0zoyk/pos.1pixelcoding.com/vendor/laravel/framework/src/Illuminate/Database/Eloquent/Builder.phpLine:454Message:No query results for model [App\Variation].  
